SonarQube plugins:
  - Python Code Quality and Security 3.1.0.7619 (python)
  - CSS Code Quality and Security 1.3.0.1580 (cssfamily)
  - JaCoCo 1.1.0.898 (jacoco)
  - SonarGo 1.6.0.719 (go)
  - SonarKotlin 1.5.0.315 (kotlin)
  - JavaScript/TypeScript Code Quality and Security 6.5.0.13383 (javascript)
  - SonarRuby 1.5.0.315 (ruby)
  - SonarScala 1.5.0.315 (sonarscala)
  - C# Code Quality and Security 8.13.1.21947 (csharp)
  - Java Code Quality and Security 6.8.0.23379 (java)
  - SonarHTML 3.2.0.2082 (web)
  - SonarFlex 2.5.1.1831 (flex)
  - SonarXML 2.0.1.2020 (xml)
  - PHP Code Quality and Security 3.9.0.6331 (php)
  - VB.NET Code Quality and Security 8.13.1.21947 (vbnet)
Global server settings:
  - sonar.core.id=BF41A1F2-AXUOCVgBNBdl8IWjOJv5
  - sonar.core.startTime=2020-10-12T10:40:42+0000
Project server settings:
Project scanner properties:
  - sonar.exclusions=node_modules/**,bower_components/**,jspm_packages/**,typings/**,lib-cov/**
  - sonar.host.url=http://localhost:9000
  - sonar.inclusions=src/**
  - sonar.login=******
  - sonar.password=******
  - sonar.projectBaseDir=C:\Users\hmersch\Desktop\Projet\Angular_Nodes\Node
  - sonar.projectDescription=TUTO_PERSO
  - sonar.projectKey=regiment
  - sonar.projectName=regiment
  - sonar.projectVersion=1.0.0
  - sonar.scanner.app=ScannerNpm
  - sonar.scanner.appVersion=2.7.0
  - sonar.sourceEncoding=windows-1252
  - sonar.sources=.
  - sonar.working.directory=C:\Users\hmersch\Desktop\Projet\Angular_Nodes\Node\.scannerwork
